--------------- Clean Started: 03/06/2018 16:21:07 Project: ZumoBot, Configuration: ARM GCC 5.4-2016-q2-update Debug ---------------
Deleting file ".\CortexM3\ARM_GCC_541\Debug\Accel.o"
Deleting file ".\CortexM3\ARM_GCC_541\Debug\Ambient.o"
Deleting file ".\CortexM3\ARM_GCC_541\Debug\Beep.o"
Deleting file ".\CortexM3\ARM_GCC_541\Debug\Gyro.o"
Deleting file ".\CortexM3\ARM_GCC_541\Debug\I2C_made.o"
Deleting file ".\CortexM3\ARM_GCC_541\Debug\IR.o"
Deleting file ".\CortexM3\ARM_GCC_541\Debug\Magnet.o"
Deleting file ".\CortexM3\ARM_GCC_541\Debug\Motor.o"
Deleting file ".\CortexM3\ARM_GCC_541\Debug\Nunchuk.o"
Deleting file ".\CortexM3\ARM_GCC_541\Debug\Reflectance.o"
Deleting file ".\CortexM3\ARM_GCC_541\Debug\Ultra.o"
Deleting file ".\CortexM3\ARM_GCC_541\Debug\main.o"
Deleting file ".\CortexM3\ARM_GCC_541\Debug\cyfitter_cfg.o"
Deleting file ".\CortexM3\ARM_GCC_541\Debug\cymetadata.o"
Deleting file ".\CortexM3\ARM_GCC_541\Debug\PWM.o"
Deleting file ".\CortexM3\ARM_GCC_541\Debug\PWM_PM.o"
Deleting file ".\CortexM3\ARM_GCC_541\Debug\Clock_1.o"
Deleting file ".\CortexM3\ARM_GCC_541\Debug\SDA_1.o"
Deleting file ".\CortexM3\ARM_GCC_541\Debug\SCL_1.o"
Deleting file ".\CortexM3\ARM_GCC_541\Debug\I2C.o"
Deleting file ".\CortexM3\ARM_GCC_541\Debug\I2C_BOOT.o"
Deleting file ".\CortexM3\ARM_GCC_541\Debug\I2C_INT.o"
Deleting file ".\CortexM3\ARM_GCC_541\Debug\I2C_PM.o"
Deleting file ".\CortexM3\ARM_GCC_541\Debug\I2C_SLAVE.o"
Deleting file ".\CortexM3\ARM_GCC_541\Debug\I2C_MASTER.o"
Deleting file ".\CortexM3\ARM_GCC_541\Debug\Cm3Start.o"
Deleting file ".\CortexM3\ARM_GCC_541\Debug\CyBootAsmGnu.o"
Deleting file ".\CortexM3\ARM_GCC_541\Debug\CyDmac.o"
Deleting file ".\CortexM3\ARM_GCC_541\Debug\CyFlash.o"
Deleting file ".\CortexM3\ARM_GCC_541\Debug\CyLib.o"
Deleting file ".\CortexM3\ARM_GCC_541\Debug\cyPm.o"
Deleting file ".\CortexM3\ARM_GCC_541\Debug\CySpc.o"
Deleting file ".\CortexM3\ARM_GCC_541\Debug\cyutils.o"
Deleting file ".\CortexM3\ARM_GCC_541\Debug\MotorPwmLeft.o"
Deleting file ".\CortexM3\ARM_GCC_541\Debug\MotorPwmRight.o"
Deleting file ".\CortexM3\ARM_GCC_541\Debug\MotorDirLeft.o"
Deleting file ".\CortexM3\ARM_GCC_541\Debug\MotorDirRight.o"
Deleting file ".\CortexM3\ARM_GCC_541\Debug\IR_led.o"
Deleting file ".\CortexM3\ARM_GCC_541\Debug\sensor_isr.o"
Deleting file ".\CortexM3\ARM_GCC_541\Debug\UART_1.o"
Deleting file ".\CortexM3\ARM_GCC_541\Debug\UART_1_PM.o"
Deleting file ".\CortexM3\ARM_GCC_541\Debug\UART_1_INT.o"
Deleting file ".\CortexM3\ARM_GCC_541\Debug\UART_1_BOOT.o"
Deleting file ".\CortexM3\ARM_GCC_541\Debug\Battery_pin.o"
Deleting file ".\CortexM3\ARM_GCC_541\Debug\ADC_Battery.o"
Deleting file ".\CortexM3\ARM_GCC_541\Debug\ADC_Battery_INT.o"
Deleting file ".\CortexM3\ARM_GCC_541\Debug\ADC_Battery_PM.o"
Deleting file ".\CortexM3\ARM_GCC_541\Debug\BatteryLed.o"
Deleting file ".\CortexM3\ARM_GCC_541\Debug\IR_receiver.o"
Deleting file ".\CortexM3\ARM_GCC_541\Debug\Trig.o"
Deleting file ".\CortexM3\ARM_GCC_541\Debug\timer_clock_4.o"
Deleting file ".\CortexM3\ARM_GCC_541\Debug\Timer.o"
Deleting file ".\CortexM3\ARM_GCC_541\Debug\Timer_PM.o"
Deleting file ".\CortexM3\ARM_GCC_541\Debug\Echo.o"
Deleting file ".\CortexM3\ARM_GCC_541\Debug\ultra_isr.o"
Deleting file ".\CortexM3\ARM_GCC_541\Debug\UART_1_IntClock.o"
Deleting file ".\CortexM3\ARM_GCC_541\Debug\ADC_Battery_IRQ.o"
Deleting file ".\CortexM3\ARM_GCC_541\Debug\ADC_Battery_theACLK.o"
Deleting file ".\CortexM3\ARM_GCC_541\Debug\ADC_Battery_Bypass.o"
Deleting file ".\CortexM3\ARM_GCC_541\Debug\Buzzer.o"
Deleting file ".\CortexM3\ARM_GCC_541\Debug\Buzzer_PWM.o"
Deleting file ".\CortexM3\ARM_GCC_541\Debug\Buzzer_PWM_PM.o"
Deleting file ".\CortexM3\ARM_GCC_541\Debug\Clock_2.o"
Deleting file ".\CortexM3\ARM_GCC_541\Debug\L3.o"
Deleting file ".\CortexM3\ARM_GCC_541\Debug\Timer_L3.o"
Deleting file ".\CortexM3\ARM_GCC_541\Debug\Timer_L3_PM.o"
Deleting file ".\CortexM3\ARM_GCC_541\Debug\Timer_R3.o"
Deleting file ".\CortexM3\ARM_GCC_541\Debug\Timer_R3_PM.o"
Deleting file ".\CortexM3\ARM_GCC_541\Debug\Timer_R1.o"
Deleting file ".\CortexM3\ARM_GCC_541\Debug\Timer_R1_PM.o"
Deleting file ".\CortexM3\ARM_GCC_541\Debug\R1.o"
Deleting file ".\CortexM3\ARM_GCC_541\Debug\R3.o"
Deleting file ".\CortexM3\ARM_GCC_541\Debug\Timer_L1.o"
Deleting file ".\CortexM3\ARM_GCC_541\Debug\Timer_L1_PM.o"
Deleting file ".\CortexM3\ARM_GCC_541\Debug\L1.o"
Deleting file ".\CortexM3\ARM_GCC_541\Debug\SW1.o"
Deleting file ".\CortexM3\ARM_GCC_541\Debug\L2.o"
Deleting file ".\CortexM3\ARM_GCC_541\Debug\R2.o"
Deleting file ".\CortexM3\ARM_GCC_541\Debug\Timer_R2.o"
Deleting file ".\CortexM3\ARM_GCC_541\Debug\Timer_R2_PM.o"
Deleting file ".\CortexM3\ARM_GCC_541\Debug\Timer_L2.o"
Deleting file ".\CortexM3\ARM_GCC_541\Debug\Timer_L2_PM.o"
Deleting file ".\CortexM3\ARM_GCC_541\Debug\Pin_1.o"
Deleting file ".\CortexM3\ARM_GCC_541\Debug\Pin_2.o"
Deleting file ".\CortexM3\ARM_GCC_541\Debug\Control_Reg_1.o"
Deleting file ".\CortexM3\ARM_GCC_541\Debug\Control_Reg_1_PM.o"
Deleting file ".\CortexM3\ARM_GCC_541\Debug\IR_isr.o"
Deleting file ".\CortexM3\ARM_GCC_541\Debug\Timer_IR.o"
Deleting file ".\CortexM3\ARM_GCC_541\Debug\Timer_IR_PM.o"
Deleting file ".\CortexM3\ARM_GCC_541\Debug\Clock_3.o"
Deleting file ".\CortexM3\ARM_GCC_541\Debug\ZumoBot.hex"
Deleting file ".\CortexM3\ARM_GCC_541\Debug\ZumoBot.elf"
Deleting file ".\CortexM3\ARM_GCC_541\Debug\ZumoBot.map"
Deleting file ".\ZumoBot.cycdx"
Deleting file ".\ZumoBot.svd"
Deleting file ".\ZumoBot.rpt"
Deleting file ".\ZumoBot_timing.html"
Deleting file ".\CortexM3\ARM_GCC_541\Debug\.deps\SOURCE_C__ARM_GCC_GENERIC.P"
Deleting file ".\CortexM3\ARM_GCC_541\Debug\.deps\SOURCE_ASM__ARM_GCC_GENERIC.P"
--------------- Clean Succeeded: 03/06/2018 16:21:07 ---------------
